[35m[Appium][39m Welcome to Appium v1.22.3
[35m[Appium][39m Non-default server args:
[35m[Appium][39m   port: 52213
[35m[Appium][39m   loglevel: info
[35m[Appium][39m   tmpDir: C:\Users\MYBOOK~1\AppData\Local\Temp\\Katalon\Appium\Temp1667630509660
[35m[Appium][39m   chromedriverPort: 52214
[35m[Appium][39m Deprecated server args:
[35m[Appium][39m   [31m--chromedriver-port[39m => --default-capabilities
[35m[Appium][39m Default capabilities, which will be added to each request unless overridden by desired capabilities:
[35m[Appium][39m   chromedriverPort: 52214
[35m[Appium][39m Appium REST http interface listener started on 0.0.0.0:52213
[35m[HTTP][39m [37m-->[39m [37mGET[39m [37m/wd/hub/status[39m
[35m[HTTP][39m [90m{}[39m
[35m[HTTP][39m [37m<-- GET /wd/hub/status [39m[32m200[39m [90m11 ms - 68[39m
[35m[HTTP][39m [90m[39m
[35m[HTTP][39m [37m-->[39m [37mGET[39m [37m/wd/hub/status[39m
[35m[HTTP][39m [90m{}[39m
[35m[HTTP][39m [37m<-- GET /wd/hub/status [39m[32m200[39m [90m2 ms - 68[39m
[35m[HTTP][39m [90m[39m
[35m[HTTP][39m [37m-->[39m [37mPOST[39m [37m/wd/hub/session[39m
[35m[HTTP][39m [90m{"desiredCapabilities":{"appActivity":".Settings","appPackage":"com.android.settings","newCommandTimeout":1800,"platformVersion":"11","automationName":"uiautomator2","autoGrantPermissions":true,"platformName":"Android","udid":"5f98ccda","deviceName":"vivo vivo 1918 (Android 11)","platform":"ANDROID","systemPort":8272},"capabilities":{"firstMatch":[{"appium:appActivity":".Settings","appium:appPackage":"com.android.settings","appium:autoGrantPermissions":true,"appium:automationName":"uiautomator2","appium:deviceName":"vivo vivo 1918 (Android 11)","appium:newCommandTimeout":1800,"platform":"ANDROID","platformName":"android","appium:platformVersion":"11","appium:systemPort":8272,"appium:udid":"5f98ccda"}]}}[39m
[35m[BaseDriver][39m The following capabilities are not standard capabilities and should have an extension prefix:
[35m[BaseDriver][39m   platform
[35m[BaseDriver][39m   chromedriverPort
[35m[Appium][39m Appium v1.22.3 creating new AndroidUiautomator2Driver (v1.70.1) session
[35m[BaseDriver][39m The following capabilities were provided, but are not recognized by Appium:
[35m[BaseDriver][39m   platform
[35m[BaseDriver][39m Session created with session id: 84c10645-6020-4b1e-867f-00026558787d
[35m[UiAutomator2][39m Starting 'com.android.settings' directly on the device
[35m[ADB][39m Found 1 'build-tools' folders under 'C:\Users\MyBook 14 F\.katalon\tools\android_sdk' (newest first):
[35m[ADB][39m     C:/Users/MyBook 14 F/.katalon/tools/android_sdk/build-tools/29.0.3
[35m[ADB][39m Using 'adb.exe' from 'C:\Users\MyBook 14 F\.katalon\tools\android_sdk\platform-tools\adb.exe'
[35m[AndroidDriver][39m Retrieving device list
[35m[AndroidDriver][39m Using device: 5f98ccda
[35m[ADB][39m Using 'adb.exe' from 'C:\Users\MyBook 14 F\.katalon\tools\android_sdk\platform-tools\adb.exe'
[35m[ADB][39m Getting device platform version
[35m[UiAutomator2][39m Relaxing hidden api policy
[35m[AndroidDriver][39m No app sent in, not parsing package/activity
[35m[ADB][39m Using 'apksigner.jar' from 'C:\Users\MyBook 14 F\.katalon\tools\android_sdk\build-tools\29.0.3\lib\apksigner.jar'
[35m[ADB][39m 'C:\Users\MyBook 14 F\AppData\Roaming\npm\node_modules\appium\node_modules\appium-uiautomator2-server\apks\appium-uiautomator2-server-v4.27.0.apk' is signed with the default certificate
[35m[ADB][39m 'C:\Users\MyBook 14 F\AppData\Roaming\npm\node_modules\appium\node_modules\appium-uiautomator2-server\apks\appium-uiautomator2-server-debug-androidTest.apk' is signed with the default certificate
[35m[UiAutomator2][39m Server packages are not going to be (re)installed
[35m[ADB][39m Adding packages ["io.appium.settings","io.appium.uiautomator2.server","io.appium.uiautomator2.server.test"] to Doze whitelist
[35m[UiAutomator2][39m Starting UIAutomator2 server 4.27.0
[35m[UiAutomator2][39m Using UIAutomator2 server from 'C:\Users\MyBook 14 F\AppData\Roaming\npm\node_modules\appium\node_modules\appium-uiautomator2-server\apks\appium-uiautomator2-server-v4.27.0.apk' and test from 'C:\Users\MyBook 14 F\AppData\Roaming\npm\node_modules\appium\node_modules\appium-uiautomator2-server\apks\appium-uiautomator2-server-debug-androidTest.apk'
[35m[UiAutomator2][39m Waiting up to 30000ms for UiAutomator2 to be online...
[35m[WD Proxy][39m socket hang up
[35m[WD Proxy][39m socket hang up
[35m[WD Proxy][39m socket hang up
[35m[WD Proxy][39m Determined the downstream protocol as 'W3C'
[35m[AndroidDriver][39m Screen already unlocked, doing nothing
[35m[UiAutomator2][39m Starting 'com.android.settings/.Settings and waiting for 'com.android.settings/.Settings'
[35m[Appium][39m New AndroidUiautomator2Driver session created successfully, session 84c10645-6020-4b1e-867f-00026558787d added to master session list
[35m[HTTP][39m [37m<-- POST /wd/hub/session [39m[32m200[39m [90m13798 ms - 1138[39m
[35m[HTTP][39m [90m[39m
[35m[HTTP][39m [37m-->[39m [37mGET[39m [37m/wd/hub/session/84c10645-6020-4b1e-867f-00026558787d[39m
[35m[HTTP][39m [90m{}[39m
[35m[HTTP][39m [37m<-- GET /wd/hub/session/84c10645-6020-4b1e-867f-00026558787d [39m[32m200[39m [90m58 ms - 1092[39m
[35m[HTTP][39m [90m[39m
[35m[HTTP][39m [37m-->[39m [37mGET[39m [37m/wd/hub/session/84c10645-6020-4b1e-867f-00026558787d[39m
[35m[HTTP][39m [90m{}[39m
[35m[HTTP][39m [37m<-- GET /wd/hub/session/84c10645-6020-4b1e-867f-00026558787d [39m[32m200[39m [90m27 ms - 1092[39m
[35m[HTTP][39m [90m[39m
[35m[HTTP][39m [37m-->[39m [37mGET[39m [37m/wd/hub/status[39m
[35m[HTTP][39m [90m{}[39m
[35m[HTTP][39m [37m<-- GET /wd/hub/status [39m[32m200[39m [90m2 ms - 68[39m
[35m[HTTP][39m [90m[39m
[35m[HTTP][39m [37m-->[39m [37mPOST[39m [37m/wd/hub/session/84c10645-6020-4b1e-867f-00026558787d/timeouts[39m
[35m[HTTP][39m [90m{"implicit":60000}[39m
[35m[HTTP][39m [37m<-- POST /wd/hub/session/84c10645-6020-4b1e-867f-00026558787d/timeouts [39m[32m200[39m [90m5 ms - 14[39m
[35m[HTTP][39m [90m[39m
[35m[HTTP][39m [37m-->[39m [37mGET[39m [37m/wd/hub/session/84c10645-6020-4b1e-867f-00026558787d/screenshot[39m
[35m[HTTP][39m [90m{}[39m
[35m[HTTP][39m [37m<-- GET /wd/hub/session/84c10645-6020-4b1e-867f-00026558787d/screenshot [39m[32m200[39m [90m1235 ms - 54670[39m
[35m[HTTP][39m [90m[39m
[35m[HTTP][39m [37m-->[39m [37mGET[39m [37m/wd/hub/session/84c10645-6020-4b1e-867f-00026558787d/window/rect[39m
[35m[HTTP][39m [90m{}[39m
[35m[HTTP][39m [37m<-- GET /wd/hub/session/84c10645-6020-4b1e-867f-00026558787d/window/rect [39m[32m200[39m [90m33 ms - 50[39m
[35m[HTTP][39m [90m[39m
[35m[HTTP][39m [37m-->[39m [37mGET[39m [37m/wd/hub/session/84c10645-6020-4b1e-867f-00026558787d/appium/device/system_bars[39m
[35m[HTTP][39m [90m{}[39m
[35m[HTTP][39m [37m<-- GET /wd/hub/session/84c10645-6020-4b1e-867f-00026558787d/appium/device/system_bars [39m[31m500[39m [90m313 ms - 659[39m
[35m[HTTP][39m [90m[39m
[35m[HTTP][39m [37m-->[39m [37mPOST[39m [37m/wd/hub/session/84c10645-6020-4b1e-867f-00026558787d/execute/sync[39m
[35m[HTTP][39m [90m{"script":"mobile:viewportRect","args":[]}[39m
[35m[AndroidDriver][39m Executing native command 'mobile:viewportRect'
[35m[HTTP][39m [37m<-- POST /wd/hub/session/84c10645-6020-4b1e-867f-00026558787d/execute/sync [39m[32m200[39m [90m36 ms - 56[39m
[35m[HTTP][39m [90m[39m
[35m[HTTP][39m [37m-->[39m [37mPOST[39m [37m/wd/hub/session/84c10645-6020-4b1e-867f-00026558787d/appium/device/activate_app[39m
[35m[HTTP][39m [90m{"bundleId":"com.example.frontend_mobile"}[39m
[35m[HTTP][39m [37m<-- POST /wd/hub/session/84c10645-6020-4b1e-867f-00026558787d/appium/device/activate_app [39m[32m200[39m [90m1803 ms - 14[39m
[35m[HTTP][39m [90m[39m
[35m[HTTP][39m [37m-->[39m [37mGET[39m [37m/wd/hub/session/84c10645-6020-4b1e-867f-00026558787d/source[39m
[35m[HTTP][39m [90m{}[39m
[35m[W3C (84c10645)][39m Driver proxy active, passing request on via HTTP proxy
[35m[WD Proxy][39m Replacing sessionId 466d9cd8-1e3b-4330-85b4-503176ce7215 with 84c10645-6020-4b1e-867f-00026558787d
[35m[HTTP][39m [37m<-- GET /wd/hub/session/84c10645-6020-4b1e-867f-00026558787d/source [39m[32m200[39m [90m659 ms - 1898[39m
[35m[HTTP][39m [90m[39m
[35m[HTTP][39m [37m-->[39m [37mGET[39m [37m/wd/hub/session/84c10645-6020-4b1e-867f-00026558787d/screenshot[39m
[35m[HTTP][39m [90m{}[39m
[35m[HTTP][39m [37m<-- GET /wd/hub/session/84c10645-6020-4b1e-867f-00026558787d/screenshot [39m[32m200[39m [90m732 ms - 35364[39m
[35m[HTTP][39m [90m[39m
[35m[HTTP][39m [37m-->[39m [37mPOST[39m [37m/wd/hub/session/84c10645-6020-4b1e-867f-00026558787d/elements[39m
[35m[HTTP][39m [90m{"using":"xpath","value":"//*[@class = 'android.widget.FrameLayout' and (@text = '' or . = '')]"}[39m
[35m[HTTP][39m [37m<-- POST /wd/hub/session/84c10645-6020-4b1e-867f-00026558787d/elements [39m[32m200[39m [90m472 ms - 395[39m
[35m[HTTP][39m [90m[39m
[35m[HTTP][39m [37m-->[39m [37mPOST[39m [37m/wd/hub/session/84c10645-6020-4b1e-867f-00026558787d/elements[39m
[35m[HTTP][39m [90m{"using":"-android uiautomator","value":"new UiSelector().className(\"android.widget.FrameLayout\")"}[39m
[35m[HTTP][39m [37m<-- POST /wd/hub/session/84c10645-6020-4b1e-867f-00026558787d/elements [39m[32m200[39m [90m138 ms - 395[39m
[35m[HTTP][39m [90m[39m
[35m[HTTP][39m [37m-->[39m [37mGET[39m [37m/wd/hub/session/84c10645-6020-4b1e-867f-00026558787d/window/rect[39m
[35m[HTTP][39m [90m{}[39m
[35m[HTTP][39m [37m<-- GET /wd/hub/session/84c10645-6020-4b1e-867f-00026558787d/window/rect [39m[32m200[39m [90m35 ms - 50[39m
[35m[HTTP][39m [90m[39m
[35m[HTTP][39m [37m-->[39m [37mPOST[39m [37m/wd/hub/session/84c10645-6020-4b1e-867f-00026558787d/elements[39m
[35m[HTTP][39m [90m{"using":"xpath","value":"//hierarchy/android.widget.FrameLayout[1]/android.widget.LinearLayout[1]/android.widget.FrameLayout[1]/android.widget.FrameLayout[1]"}[39m
[35m[HTTP][39m [37m<-- POST /wd/hub/session/84c10645-6020-4b1e-867f-00026558787d/elements [39m[32m200[39m [90m146 ms - 139[39m
[35m[HTTP][39m [90m[39m
[35m[HTTP][39m [37m-->[39m [37mGET[39m [37m/wd/hub/session/84c10645-6020-4b1e-867f-00026558787d/element/00000000-0000-027c-ffff-ffff00000003/location[39m
[35m[HTTP][39m [90m{}[39m
[35m[W3C (84c10645)][39m Driver proxy active, passing request on via HTTP proxy
[35m[WD Proxy][39m Replacing sessionId 466d9cd8-1e3b-4330-85b4-503176ce7215 with 84c10645-6020-4b1e-867f-00026558787d
[35m[HTTP][39m [37m<-- GET /wd/hub/session/84c10645-6020-4b1e-867f-00026558787d/element/00000000-0000-027c-ffff-ffff00000003/location [39m[32m200[39m [90m476 ms - 74[39m
[35m[HTTP][39m [90m[39m
[35m[HTTP][39m [37m-->[39m [37mPOST[39m [37m/wd/hub/session/84c10645-6020-4b1e-867f-00026558787d/element/00000000-0000-027c-ffff-ffff00000003/click[39m
[35m[HTTP][39m [90m{"id":"00000000-0000-027c-ffff-ffff00000003"}[39m
[35m[HTTP][39m [37m<-- POST /wd/hub/session/84c10645-6020-4b1e-867f-00026558787d/element/00000000-0000-027c-ffff-ffff00000003/click [39m[32m200[39m [90m137 ms - 14[39m
[35m[HTTP][39m [90m[39m
[35m[HTTP][39m [37m-->[39m [37mGET[39m [37m/wd/hub/session/84c10645-6020-4b1e-867f-00026558787d/source[39m
[35m[HTTP][39m [90m{}[39m
[35m[W3C (84c10645)][39m Driver proxy active, passing request on via HTTP proxy
[35m[WD Proxy][39m Replacing sessionId 466d9cd8-1e3b-4330-85b4-503176ce7215 with 84c10645-6020-4b1e-867f-00026558787d
[35m[HTTP][39m [37m<-- GET /wd/hub/session/84c10645-6020-4b1e-867f-00026558787d/source [39m[32m200[39m [90m187 ms - 16230[39m
[35m[HTTP][39m [90m[39m
[35m[HTTP][39m [37m-->[39m [37mGET[39m [37m/wd/hub/session/84c10645-6020-4b1e-867f-00026558787d/screenshot[39m
[35m[HTTP][39m [90m{}[39m
[35m[HTTP][39m [37m<-- GET /wd/hub/session/84c10645-6020-4b1e-867f-00026558787d/screenshot [39m[32m200[39m [90m587 ms - 208576[39m
[35m[HTTP][39m [90m[39m
[35m[HTTP][39m [37m-->[39m [37mPOST[39m [37m/wd/hub/session/84c10645-6020-4b1e-867f-00026558787d/elements[39m
[35m[HTTP][39m [90m{"using":"xpath","value":"//*[@class = 'android.widget.Button' and @resource-id = '' and (@text = '' or . = '')]"}[39m
[35m[HTTP][39m [37m<-- POST /wd/hub/session/84c10645-6020-4b1e-867f-00026558787d/elements [39m[32m200[39m [90m443 ms - 779[39m
[35m[HTTP][39m [90m[39m
[35m[HTTP][39m [37m-->[39m [37mPOST[39m [37m/wd/hub/session/84c10645-6020-4b1e-867f-00026558787d/elements[39m
[35m[HTTP][39m [90m{"using":"-android uiautomator","value":"new UiSelector().className(\"android.widget.Button\").resourceId(\"\")"}[39m
[35m[HTTP][39m [37m<-- POST /wd/hub/session/84c10645-6020-4b1e-867f-00026558787d/elements [39m[32m200[39m [90m96 ms - 779[39m
[35m[HTTP][39m [90m[39m
[35m[HTTP][39m [37m-->[39m [37mGET[39m [37m/wd/hub/session/84c10645-6020-4b1e-867f-00026558787d/window/rect[39m
[35m[HTTP][39m [90m{}[39m
[35m[HTTP][39m [37m<-- GET /wd/hub/session/84c10645-6020-4b1e-867f-00026558787d/window/rect [39m[32m200[39m [90m17 ms - 50[39m
[35m[HTTP][39m [90m[39m
[35m[HTTP][39m [37m-->[39m [37mPOST[39m [37m/wd/hub/session/84c10645-6020-4b1e-867f-00026558787d/elements[39m
[35m[HTTP][39m [90m{"using":"xpath","value":"//hierarchy/android.widget.FrameLayout[1]/android.widget.LinearLayout[1]/android.widget.FrameLayout[1]/android.widget.FrameLayout[1]/android.view.View[1]/android.view.View[1]/android.view.View[1]/android.view.View[1]/android.view.View[1]/android.widget.Button[1]"}[39m
[35m[HTTP][39m [37m<-- POST /wd/hub/session/84c10645-6020-4b1e-867f-00026558787d/elements [39m[32m200[39m [90m102 ms - 139[39m
[35m[HTTP][39m [90m[39m
[35m[HTTP][39m [37m-->[39m [37mGET[39m [37m/wd/hub/session/84c10645-6020-4b1e-867f-00026558787d/element/00000000-0000-027c-0000-000700000003/location[39m
[35m[HTTP][39m [90m{}[39m
[35m[W3C (84c10645)][39m Driver proxy active, passing request on via HTTP proxy
[35m[WD Proxy][39m Replacing sessionId 466d9cd8-1e3b-4330-85b4-503176ce7215 with 84c10645-6020-4b1e-867f-00026558787d
[35m[HTTP][39m [37m<-- GET /wd/hub/session/84c10645-6020-4b1e-867f-00026558787d/element/00000000-0000-027c-0000-000700000003/location [39m[32m200[39m [90m22 ms - 77[39m
[35m[HTTP][39m [90m[39m
[35m[HTTP][39m [37m-->[39m [37mPOST[39m [37m/wd/hub/session/84c10645-6020-4b1e-867f-00026558787d/element/00000000-0000-027c-0000-000700000003/click[39m
[35m[HTTP][39m [90m{"id":"00000000-0000-027c-0000-000700000003"}[39m
[35m[HTTP][39m [37m<-- POST /wd/hub/session/84c10645-6020-4b1e-867f-00026558787d/element/00000000-0000-027c-0000-000700000003/click [39m[32m200[39m [90m79 ms - 14[39m
[35m[HTTP][39m [90m[39m
[35m[HTTP][39m [37m-->[39m [37mGET[39m [37m/wd/hub/session/84c10645-6020-4b1e-867f-00026558787d/source[39m
[35m[HTTP][39m [90m{}[39m
[35m[W3C (84c10645)][39m Driver proxy active, passing request on via HTTP proxy
[35m[WD Proxy][39m Replacing sessionId 466d9cd8-1e3b-4330-85b4-503176ce7215 with 84c10645-6020-4b1e-867f-00026558787d
[35m[HTTP][39m [37m<-- GET /wd/hub/session/84c10645-6020-4b1e-867f-00026558787d/source [39m[32m200[39m [90m245 ms - 6995[39m
[35m[HTTP][39m [90m[39m
[35m[HTTP][39m [37m-->[39m [37mGET[39m [37m/wd/hub/session/84c10645-6020-4b1e-867f-00026558787d/screenshot[39m
[35m[HTTP][39m [90m{}[39m
[35m[HTTP][39m [37m<-- GET /wd/hub/session/84c10645-6020-4b1e-867f-00026558787d/screenshot [39m[32m200[39m [90m527 ms - 74782[39m
[35m[HTTP][39m [90m[39m
[35m[HTTP][39m [37m-->[39m [37mPOST[39m [37m/wd/hub/session/84c10645-6020-4b1e-867f-00026558787d/elements[39m
[35m[HTTP][39m [90m{"using":"xpath","value":"//*[@class = 'android.widget.EditText' and (@text = 'Email' or . = 'Email') and @resource-id = '']"}[39m
[35m[HTTP][39m [37m<-- POST /wd/hub/session/84c10645-6020-4b1e-867f-00026558787d/elements [39m[32m200[39m [90m132 ms - 139[39m
[35m[HTTP][39m [90m[39m
[35m[HTTP][39m [37m-->[39m [37mGET[39m [37m/wd/hub/session/84c10645-6020-4b1e-867f-00026558787d/window/rect[39m
[35m[HTTP][39m [90m{}[39m
[35m[HTTP][39m [37m<-- GET /wd/hub/session/84c10645-6020-4b1e-867f-00026558787d/window/rect [39m[32m200[39m [90m26 ms - 50[39m
[35m[HTTP][39m [90m[39m
[35m[HTTP][39m [37m-->[39m [37mPOST[39m [37m/wd/hub/session/84c10645-6020-4b1e-867f-00026558787d/elements[39m
[35m[HTTP][39m [90m{"using":"xpath","value":"//*[@class = 'android.widget.EditText' and (@text = 'Email' or . = 'Email') and @resource-id = '']"}[39m
[35m[HTTP][39m [37m<-- POST /wd/hub/session/84c10645-6020-4b1e-867f-00026558787d/elements [39m[32m200[39m [90m117 ms - 139[39m
[35m[HTTP][39m [90m[39m
[35m[HTTP][39m [37m-->[39m [37mGET[39m [37m/wd/hub/session/84c10645-6020-4b1e-867f-00026558787d/element/00000000-0000-027c-0000-002d00000003/location[39m
[35m[HTTP][39m [90m{}[39m
[35m[W3C (84c10645)][39m Driver proxy active, passing request on via HTTP proxy
[35m[WD Proxy][39m Replacing sessionId 466d9cd8-1e3b-4330-85b4-503176ce7215 with 84c10645-6020-4b1e-867f-00026558787d
[35m[HTTP][39m [37m<-- GET /wd/hub/session/84c10645-6020-4b1e-867f-00026558787d/element/00000000-0000-027c-0000-002d00000003/location [39m[32m200[39m [90m35 ms - 77[39m
[35m[HTTP][39m [90m[39m
[35m[HTTP][39m [37m-->[39m [37mPOST[39m [37m/wd/hub/session/84c10645-6020-4b1e-867f-00026558787d/element/00000000-0000-027c-0000-002d00000003/click[39m
[35m[HTTP][39m [90m{"id":"00000000-0000-027c-0000-002d00000003"}[39m
[35m[HTTP][39m [37m<-- POST /wd/hub/session/84c10645-6020-4b1e-867f-00026558787d/element/00000000-0000-027c-0000-002d00000003/click [39m[32m200[39m [90m82 ms - 14[39m
[35m[HTTP][39m [90m[39m
[35m[HTTP][39m [37m-->[39m [37mGET[39m [37m/wd/hub/session/84c10645-6020-4b1e-867f-00026558787d/source[39m
[35m[HTTP][39m [90m{}[39m
[35m[W3C (84c10645)][39m Driver proxy active, passing request on via HTTP proxy
[35m[WD Proxy][39m Replacing sessionId 466d9cd8-1e3b-4330-85b4-503176ce7215 with 84c10645-6020-4b1e-867f-00026558787d
[35m[HTTP][39m [37m<-- GET /wd/hub/session/84c10645-6020-4b1e-867f-00026558787d/source [39m[32m200[39m [90m230 ms - 6993[39m
[35m[HTTP][39m [90m[39m
[35m[HTTP][39m [37m-->[39m [37mGET[39m [37m/wd/hub/session/84c10645-6020-4b1e-867f-00026558787d/screenshot[39m
[35m[HTTP][39m [90m{}[39m
[35m[HTTP][39m [37m<-- GET /wd/hub/session/84c10645-6020-4b1e-867f-00026558787d/screenshot [39m[32m200[39m [90m523 ms - 159366[39m
[35m[HTTP][39m [90m[39m
[35m[HTTP][39m [37m-->[39m [37mPOST[39m [37m/wd/hub/session/84c10645-6020-4b1e-867f-00026558787d/elements[39m
[35m[HTTP][39m [90m{"using":"xpath","value":"//*[@class = 'android.widget.EditText' and (@text = 'Email' or . = 'Email') and @resource-id = '']"}[39m
[35m[HTTP][39m [37m<-- POST /wd/hub/session/84c10645-6020-4b1e-867f-00026558787d/elements [39m[32m200[39m [90m147 ms - 139[39m
[35m[HTTP][39m [90m[39m
[35m[HTTP][39m [37m-->[39m [37mGET[39m [37m/wd/hub/session/84c10645-6020-4b1e-867f-00026558787d/window/rect[39m
[35m[HTTP][39m [90m{}[39m
[35m[HTTP][39m [37m<-- GET /wd/hub/session/84c10645-6020-4b1e-867f-00026558787d/window/rect [39m[32m200[39m [90m45 ms - 50[39m
[35m[HTTP][39m [90m[39m
[35m[HTTP][39m [37m-->[39m [37mPOST[39m [37m/wd/hub/session/84c10645-6020-4b1e-867f-00026558787d/elements[39m
[35m[HTTP][39m [90m{"using":"xpath","value":"//*[@class = 'android.widget.EditText' and (@text = 'Email' or . = 'Email') and @resource-id = '']"}[39m
[35m[HTTP][39m [37m<-- POST /wd/hub/session/84c10645-6020-4b1e-867f-00026558787d/elements [39m[32m200[39m [90m109 ms - 139[39m
[35m[HTTP][39m [90m[39m
[35m[HTTP][39m [37m-->[39m [37mGET[39m [37m/wd/hub/session/84c10645-6020-4b1e-867f-00026558787d/element/00000000-0000-027c-0000-002d00000003/location[39m
[35m[HTTP][39m [90m{}[39m
[35m[W3C (84c10645)][39m Driver proxy active, passing request on via HTTP proxy
[35m[WD Proxy][39m Replacing sessionId 466d9cd8-1e3b-4330-85b4-503176ce7215 with 84c10645-6020-4b1e-867f-00026558787d
[35m[HTTP][39m [37m<-- GET /wd/hub/session/84c10645-6020-4b1e-867f-00026558787d/element/00000000-0000-027c-0000-002d00000003/location [39m[32m200[39m [90m26 ms - 77[39m
[35m[HTTP][39m [90m[39m
[35m[HTTP][39m [37m-->[39m [37mPOST[39m [37m/wd/hub/session/84c10645-6020-4b1e-867f-00026558787d/element/00000000-0000-027c-0000-002d00000003/clear[39m
[35m[HTTP][39m [90m{"id":"00000000-0000-027c-0000-002d00000003"}[39m
[35m[HTTP][39m [37m<-- POST /wd/hub/session/84c10645-6020-4b1e-867f-00026558787d/element/00000000-0000-027c-0000-002d00000003/clear [39m[32m200[39m [90m47 ms - 14[39m
[35m[HTTP][39m [90m[39m
[35m[HTTP][39m [37m-->[39m [37mPOST[39m [37m/wd/hub/session/84c10645-6020-4b1e-867f-00026558787d/element/00000000-0000-027c-0000-002d00000003/value[39m
[35m[HTTP][39m [90m{"id":"00000000-0000-027c-0000-002d00000003","text":"muhamadshidan@gmail.com","value":["m","u","h","a","m","a","d","s","h","i","d","a","n","@","g","m","a","i","l",".","c","o","m"]}[39m
[35m[HTTP][39m [37m<-- POST /wd/hub/session/84c10645-6020-4b1e-867f-00026558787d/element/00000000-0000-027c-0000-002d00000003/value [39m[32m200[39m [90m84 ms - 14[39m
[35m[HTTP][39m [90m[39m
[35m[HTTP][39m [37m-->[39m [37mGET[39m [37m/wd/hub/session/84c10645-6020-4b1e-867f-00026558787d/source[39m
[35m[HTTP][39m [90m{}[39m
[35m[W3C (84c10645)][39m Driver proxy active, passing request on via HTTP proxy
[35m[WD Proxy][39m Replacing sessionId 466d9cd8-1e3b-4330-85b4-503176ce7215 with 84c10645-6020-4b1e-867f-00026558787d
[35m[HTTP][39m [37m<-- GET /wd/hub/session/84c10645-6020-4b1e-867f-00026558787d/source [39m[32m200[39m [90m91 ms - 7018[39m
[35m[HTTP][39m [90m[39m
[35m[HTTP][39m [37m-->[39m [37mGET[39m [37m/wd/hub/session/84c10645-6020-4b1e-867f-00026558787d/screenshot[39m
[35m[HTTP][39m [90m{}[39m
[35m[HTTP][39m [37m<-- GET /wd/hub/session/84c10645-6020-4b1e-867f-00026558787d/screenshot [39m[32m200[39m [90m503 ms - 173568[39m
[35m[HTTP][39m [90m[39m
[35m[HTTP][39m [37m-->[39m [37mPOST[39m [37m/wd/hub/session/84c10645-6020-4b1e-867f-00026558787d/elements[39m
[35m[HTTP][39m [90m{"using":"xpath","value":"//*[@class = 'android.widget.EditText' and (@text = 'Password' or . = 'Password') and @resource-id = '']"}[39m
[35m[HTTP][39m [37m<-- POST /wd/hub/session/84c10645-6020-4b1e-867f-00026558787d/elements [39m[32m200[39m [90m130 ms - 139[39m
[35m[HTTP][39m [90m[39m
[35m[HTTP][39m [37m-->[39m [37mGET[39m [37m/wd/hub/session/84c10645-6020-4b1e-867f-00026558787d/window/rect[39m
[35m[HTTP][39m [90m{}[39m
[35m[HTTP][39m [37m<-- GET /wd/hub/session/84c10645-6020-4b1e-867f-00026558787d/window/rect [39m[32m200[39m [90m17 ms - 50[39m
[35m[HTTP][39m [90m[39m
[35m[HTTP][39m [37m-->[39m [37mPOST[39m [37m/wd/hub/session/84c10645-6020-4b1e-867f-00026558787d/elements[39m
[35m[HTTP][39m [90m{"using":"xpath","value":"//*[@class = 'android.widget.EditText' and (@text = 'Password' or . = 'Password') and @resource-id = '']"}[39m
[35m[HTTP][39m [37m<-- POST /wd/hub/session/84c10645-6020-4b1e-867f-00026558787d/elements [39m[32m200[39m [90m132 ms - 139[39m
[35m[HTTP][39m [90m[39m
[35m[HTTP][39m [37m-->[39m [37mGET[39m [37m/wd/hub/session/84c10645-6020-4b1e-867f-00026558787d/element/00000000-0000-027c-0000-002e00000003/location[39m
[35m[HTTP][39m [90m{}[39m
[35m[W3C (84c10645)][39m Driver proxy active, passing request on via HTTP proxy
[35m[WD Proxy][39m Replacing sessionId 466d9cd8-1e3b-4330-85b4-503176ce7215 with 84c10645-6020-4b1e-867f-00026558787d
[35m[HTTP][39m [37m<-- GET /wd/hub/session/84c10645-6020-4b1e-867f-00026558787d/element/00000000-0000-027c-0000-002e00000003/location [39m[32m200[39m [90m35 ms - 77[39m
[35m[HTTP][39m [90m[39m
[35m[HTTP][39m [37m-->[39m [37mPOST[39m [37m/wd/hub/session/84c10645-6020-4b1e-867f-00026558787d/element/00000000-0000-027c-0000-002e00000003/click[39m
[35m[HTTP][39m [90m{"id":"00000000-0000-027c-0000-002e00000003"}[39m
[35m[HTTP][39m [37m<-- POST /wd/hub/session/84c10645-6020-4b1e-867f-00026558787d/element/00000000-0000-027c-0000-002e00000003/click [39m[32m200[39m [90m83 ms - 14[39m
[35m[HTTP][39m [90m[39m
[35m[HTTP][39m [37m-->[39m [37mGET[39m [37m/wd/hub/session/84c10645-6020-4b1e-867f-00026558787d/source[39m
[35m[HTTP][39m [90m{}[39m
[35m[W3C (84c10645)][39m Driver proxy active, passing request on via HTTP proxy
[35m[WD Proxy][39m Replacing sessionId 466d9cd8-1e3b-4330-85b4-503176ce7215 with 84c10645-6020-4b1e-867f-00026558787d
[35m[HTTP][39m [37m<-- GET /wd/hub/session/84c10645-6020-4b1e-867f-00026558787d/source [39m[32m200[39m [90m233 ms - 7018[39m
[35m[HTTP][39m [90m[39m
[35m[HTTP][39m [37m-->[39m [37mGET[39m [37m/wd/hub/session/84c10645-6020-4b1e-867f-00026558787d/screenshot[39m
[35m[HTTP][39m [90m{}[39m
[35m[HTTP][39m [37m<-- GET /wd/hub/session/84c10645-6020-4b1e-867f-00026558787d/screenshot [39m[32m200[39m [90m576 ms - 173616[39m
[35m[HTTP][39m [90m[39m
[35m[HTTP][39m [37m-->[39m [37mPOST[39m [37m/wd/hub/session/84c10645-6020-4b1e-867f-00026558787d/elements[39m
[35m[HTTP][39m [90m{"using":"xpath","value":"//*[@class = 'android.widget.EditText' and (@text = 'Password' or . = 'Password') and @resource-id = '']"}[39m
[35m[HTTP][39m [37m<-- POST /wd/hub/session/84c10645-6020-4b1e-867f-00026558787d/elements [39m[32m200[39m [90m93 ms - 139[39m
[35m[HTTP][39m [90m[39m
[35m[HTTP][39m [37m-->[39m [37mGET[39m [37m/wd/hub/session/84c10645-6020-4b1e-867f-00026558787d/window/rect[39m
[35m[HTTP][39m [90m{}[39m
[35m[HTTP][39m [37m<-- GET /wd/hub/session/84c10645-6020-4b1e-867f-00026558787d/window/rect [39m[32m200[39m [90m23 ms - 50[39m
[35m[HTTP][39m [90m[39m
[35m[HTTP][39m [37m-->[39m [37mPOST[39m [37m/wd/hub/session/84c10645-6020-4b1e-867f-00026558787d/elements[39m
[35m[HTTP][39m [90m{"using":"xpath","value":"//*[@class = 'android.widget.EditText' and (@text = 'Password' or . = 'Password') and @resource-id = '']"}[39m
[35m[HTTP][39m [37m<-- POST /wd/hub/session/84c10645-6020-4b1e-867f-00026558787d/elements [39m[32m200[39m [90m89 ms - 139[39m
[35m[HTTP][39m [90m[39m
[35m[HTTP][39m [37m-->[39m [37mGET[39m [37m/wd/hub/session/84c10645-6020-4b1e-867f-00026558787d/element/00000000-0000-027c-0000-002e00000003/location[39m
[35m[HTTP][39m [90m{}[39m
[35m[W3C (84c10645)][39m Driver proxy active, passing request on via HTTP proxy
[35m[WD Proxy][39m Replacing sessionId 466d9cd8-1e3b-4330-85b4-503176ce7215 with 84c10645-6020-4b1e-867f-00026558787d
[35m[HTTP][39m [37m<-- GET /wd/hub/session/84c10645-6020-4b1e-867f-00026558787d/element/00000000-0000-027c-0000-002e00000003/location [39m[32m200[39m [90m24 ms - 77[39m
[35m[HTTP][39m [90m[39m
[35m[HTTP][39m [37m-->[39m [37mPOST[39m [37m/wd/hub/session/84c10645-6020-4b1e-867f-00026558787d/element/00000000-0000-027c-0000-002e00000003/clear[39m
[35m[HTTP][39m [90m{"id":"00000000-0000-027c-0000-002e00000003"}[39m
[35m[HTTP][39m [37m<-- POST /wd/hub/session/84c10645-6020-4b1e-867f-00026558787d/element/00000000-0000-027c-0000-002e00000003/clear [39m[32m200[39m [90m66 ms - 14[39m
[35m[HTTP][39m [90m[39m
[35m[HTTP][39m [37m-->[39m [37mPOST[39m [37m/wd/hub/session/84c10645-6020-4b1e-867f-00026558787d/element/00000000-0000-027c-0000-002e00000003/value[39m
[35m[HTTP][39m [90m{"id":"00000000-0000-027c-0000-002e00000003","text":"bogor12345","value":["b","o","g","o","r","1","2","3","4","5"]}[39m
[35m[HTTP][39m [37m<-- POST /wd/hub/session/84c10645-6020-4b1e-867f-00026558787d/element/00000000-0000-027c-0000-002e00000003/value [39m[32m200[39m [90m54 ms - 14[39m
[35m[HTTP][39m [90m[39m
[35m[HTTP][39m [37m-->[39m [37mGET[39m [37m/wd/hub/session/84c10645-6020-4b1e-867f-00026558787d/source[39m
[35m[HTTP][39m [90m{}[39m
[35m[W3C (84c10645)][39m Driver proxy active, passing request on via HTTP proxy
[35m[WD Proxy][39m Replacing sessionId 466d9cd8-1e3b-4330-85b4-503176ce7215 with 84c10645-6020-4b1e-867f-00026558787d
[35m[HTTP][39m [37m<-- GET /wd/hub/session/84c10645-6020-4b1e-867f-00026558787d/source [39m[32m200[39m [90m72 ms - 7030[39m
[35m[HTTP][39m [90m[39m
[35m[HTTP][39m [37m-->[39m [37mGET[39m [37m/wd/hub/session/84c10645-6020-4b1e-867f-00026558787d/screenshot[39m
[35m[HTTP][39m [90m{}[39m
[35m[HTTP][39m [37m<-- GET /wd/hub/session/84c10645-6020-4b1e-867f-00026558787d/screenshot [39m[32m200[39m [90m509 ms - 184610[39m
[35m[HTTP][39m [90m[39m
[35m[HTTP][39m [37m-->[39m [37mPOST[39m [37m/wd/hub/session/84c10645-6020-4b1e-867f-00026558787d/elements[39m
[35m[HTTP][39m [90m{"using":"xpath","value":"//*[@class = 'android.widget.Button' and @resource-id = '' and (@text = '' or . = '')]"}[39m
[35m[HTTP][39m [37m<-- POST /wd/hub/session/84c10645-6020-4b1e-867f-00026558787d/elements [39m[32m200[39m [90m124 ms - 395[39m
[35m[HTTP][39m [90m[39m
[35m[HTTP][39m [37m-->[39m [37mPOST[39m [37m/wd/hub/session/84c10645-6020-4b1e-867f-00026558787d/elements[39m
[35m[HTTP][39m [90m{"using":"accessibility id","value":"Login"}[39m
[35m[HTTP][39m [37m<-- POST /wd/hub/session/84c10645-6020-4b1e-867f-00026558787d/elements [39m[32m200[39m [90m53 ms - 267[39m
[35m[HTTP][39m [90m[39m
[35m[HTTP][39m [37m-->[39m [37mPOST[39m [37m/wd/hub/session/84c10645-6020-4b1e-867f-00026558787d/elements[39m
[35m[HTTP][39m [90m{"using":"-android uiautomator","value":"new UiSelector().className(\"android.widget.Button\").resourceId(\"\")"}[39m
[35m[HTTP][39m [37m<-- POST /wd/hub/session/84c10645-6020-4b1e-867f-00026558787d/elements [39m[32m200[39m [90m87 ms - 395[39m
[35m[HTTP][39m [90m[39m
[35m[HTTP][39m [37m-->[39m [37mGET[39m [37m/wd/hub/session/84c10645-6020-4b1e-867f-00026558787d/window/rect[39m
[35m[HTTP][39m [90m{}[39m
[35m[HTTP][39m [37m<-- GET /wd/hub/session/84c10645-6020-4b1e-867f-00026558787d/window/rect [39m[32m200[39m [90m19 ms - 50[39m
[35m[HTTP][39m [90m[39m
[35m[HTTP][39m [37m-->[39m [37mPOST[39m [37m/wd/hub/session/84c10645-6020-4b1e-867f-00026558787d/elements[39m
[35m[HTTP][39m [90m{"using":"xpath","value":"//hierarchy/android.widget.FrameLayout[1]/android.widget.LinearLayout[1]/android.widget.FrameLayout[1]/android.widget.FrameLayout[1]/android.view.View[1]/android.view.View[1]/android.view.View[1]/android.view.View[1]/android.widget.Button[1]"}[39m
[35m[HTTP][39m [37m<-- POST /wd/hub/session/84c10645-6020-4b1e-867f-00026558787d/elements [39m[32m200[39m [90m117 ms - 139[39m
[35m[HTTP][39m [90m[39m
[35m[HTTP][39m [37m-->[39m [37mGET[39m [37m/wd/hub/session/84c10645-6020-4b1e-867f-00026558787d/element/00000000-0000-027c-0000-002f00000003/location[39m
[35m[HTTP][39m [90m{}[39m
[35m[W3C (84c10645)][39m Driver proxy active, passing request on via HTTP proxy
[35m[WD Proxy][39m Replacing sessionId 466d9cd8-1e3b-4330-85b4-503176ce7215 with 84c10645-6020-4b1e-867f-00026558787d
[35m[HTTP][39m [37m<-- GET /wd/hub/session/84c10645-6020-4b1e-867f-00026558787d/element/00000000-0000-027c-0000-002f00000003/location [39m[32m200[39m [90m36 ms - 78[39m
[35m[HTTP][39m [90m[39m
[35m[HTTP][39m [37m-->[39m [37mPOST[39m [37m/wd/hub/session/84c10645-6020-4b1e-867f-00026558787d/element/00000000-0000-027c-0000-002f00000003/click[39m
[35m[HTTP][39m [90m{"id":"00000000-0000-027c-0000-002f00000003"}[39m
[35m[HTTP][39m [37m<-- POST /wd/hub/session/84c10645-6020-4b1e-867f-00026558787d/element/00000000-0000-027c-0000-002f00000003/click [39m[32m200[39m [90m588 ms - 14[39m
[35m[HTTP][39m [90m[39m
[35m[HTTP][39m [37m-->[39m [37mGET[39m [37m/wd/hub/session/84c10645-6020-4b1e-867f-00026558787d/source[39m
[35m[HTTP][39m [90m{}[39m
[35m[W3C (84c10645)][39m Driver proxy active, passing request on via HTTP proxy
[35m[WD Proxy][39m Replacing sessionId 466d9cd8-1e3b-4330-85b4-503176ce7215 with 84c10645-6020-4b1e-867f-00026558787d
[35m[HTTP][39m [37m<-- GET /wd/hub/session/84c10645-6020-4b1e-867f-00026558787d/source [39m[32m200[39m [90m98 ms - 7030[39m
[35m[HTTP][39m [90m[39m
[35m[HTTP][39m [37m-->[39m [37mGET[39m [37m/wd/hub/session/84c10645-6020-4b1e-867f-00026558787d/screenshot[39m
[35m[HTTP][39m [90m{}[39m
[35m[HTTP][39m [37m<-- GET /wd/hub/session/84c10645-6020-4b1e-867f-00026558787d/screenshot [39m[32m200[39m [90m536 ms - 210838[39m
[35m[HTTP][39m [90m[39m
[35m[HTTP][39m [37m-->[39m [37mPOST[39m [37m/wd/hub/session/84c10645-6020-4b1e-867f-00026558787d/elements[39m
[35m[HTTP][39m [90m{"using":"xpath","value":"//*[@class = 'android.view.View' and @resource-id = '' and (@text = '' or . = '')]"}[39m
[35m[HTTP][39m [37m<-- POST /wd/hub/session/84c10645-6020-4b1e-867f-00026558787d/elements [39m[32m200[39m [90m149 ms - 3211[39m
[35m[HTTP][39m [90m[39m
[35m[HTTP][39m [37m-->[39m [37mPOST[39m [37m/wd/hub/session/84c10645-6020-4b1e-867f-00026558787d/elements[39m
[35m[HTTP][39m [90m{"using":"-android uiautomator","value":"new UiSelector().className(\"android.view.View\").resourceId(\"\")"}[39m
[35m[HTTP][39m [37m<-- POST /wd/hub/session/84c10645-6020-4b1e-867f-00026558787d/elements [39m[32m200[39m [90m373 ms - 3211[39m
[35m[HTTP][39m [90m[39m
[35m[HTTP][39m [37m-->[39m [37mGET[39m [37m/wd/hub/session/84c10645-6020-4b1e-867f-00026558787d/window/rect[39m
[35m[HTTP][39m [90m{}[39m
[35m[HTTP][39m [37m<-- GET /wd/hub/session/84c10645-6020-4b1e-867f-00026558787d/window/rect [39m[32m200[39m [90m19 ms - 50[39m
[35m[HTTP][39m [90m[39m
[35m[HTTP][39m [37m-->[39m [37mPOST[39m [37m/wd/hub/session/84c10645-6020-4b1e-867f-00026558787d/elements[39m
[35m[HTTP][39m [90m{"using":"xpath","value":"//hierarchy/android.widget.FrameLayout[1]/android.widget.LinearLayout[1]/android.widget.FrameLayout[1]/android.widget.FrameLayout[1]/android.view.View[1]/android.view.View[1]/android.view.View[1]/android.view.View[1]"}[39m
[35m[HTTP][39m [37m<-- POST /wd/hub/session/84c10645-6020-4b1e-867f-00026558787d/elements [39m[32m200[39m [90m107 ms - 139[39m
[35m[HTTP][39m [90m[39m
[35m[HTTP][39m [37m-->[39m [37mGET[39m [37m/wd/hub/session/84c10645-6020-4b1e-867f-00026558787d/element/00000000-0000-027c-0000-000300000003/location[39m
[35m[HTTP][39m [90m{}[39m
[35m[W3C (84c10645)][39m Driver proxy active, passing request on via HTTP proxy
[35m[WD Proxy][39m Replacing sessionId 466d9cd8-1e3b-4330-85b4-503176ce7215 with 84c10645-6020-4b1e-867f-00026558787d
[35m[HTTP][39m [37m<-- GET /wd/hub/session/84c10645-6020-4b1e-867f-00026558787d/element/00000000-0000-027c-0000-000300000003/location [39m[32m200[39m [90m33 ms - 74[39m
[35m[HTTP][39m [90m[39m
[35m[HTTP][39m [37m-->[39m [37mPOST[39m [37m/wd/hub/session/84c10645-6020-4b1e-867f-00026558787d/element/00000000-0000-027c-0000-000300000003/click[39m
[35m[HTTP][39m [90m{"id":"00000000-0000-027c-0000-000300000003"}[39m
[35m[HTTP][39m [37m<-- POST /wd/hub/session/84c10645-6020-4b1e-867f-00026558787d/element/00000000-0000-027c-0000-000300000003/click [39m[32m200[39m [90m104 ms - 14[39m
[35m[HTTP][39m [90m[39m
[35m[HTTP][39m [37m-->[39m [37mGET[39m [37m/wd/hub/session/84c10645-6020-4b1e-867f-00026558787d/source[39m
[35m[HTTP][39m [90m{}[39m
[35m[W3C (84c10645)][39m Driver proxy active, passing request on via HTTP proxy
[35m[WD Proxy][39m Replacing sessionId 466d9cd8-1e3b-4330-85b4-503176ce7215 with 84c10645-6020-4b1e-867f-00026558787d
[35m[HTTP][39m [37m<-- GET /wd/hub/session/84c10645-6020-4b1e-867f-00026558787d/source [39m[32m200[39m [90m123 ms - 16229[39m
[35m[HTTP][39m [90m[39m
[35m[HTTP][39m [37m-->[39m [37mGET[39m [37m/wd/hub/session/84c10645-6020-4b1e-867f-00026558787d/screenshot[39m
[35m[HTTP][39m [90m{}[39m
[35m[HTTP][39m [37m<-- GET /wd/hub/session/84c10645-6020-4b1e-867f-00026558787d/screenshot [39m[32m200[39m [90m592 ms - 207522[39m
[35m[HTTP][39m [90m[39m
[35m[HTTP][39m [37m-->[39m [37mPOST[39m [37m/wd/hub/session/84c10645-6020-4b1e-867f-00026558787d/elements[39m
[35m[HTTP][39m [90m{"using":"xpath","value":"//*[@class = 'android.widget.Button' and @resource-id = '' and (@text = '' or . = '')]"}[39m
[35m[HTTP][39m [37m<-- POST /wd/hub/session/84c10645-6020-4b1e-867f-00026558787d/elements [39m[32m200[39m [90m139 ms - 779[39m
[35m[HTTP][39m [90m[39m
[35m[HTTP][39m [37m-->[39m [37mPOST[39m [37m/wd/hub/session/84c10645-6020-4b1e-867f-00026558787d/elements[39m
[35m[HTTP][39m [90m{"using":"accessibility id","value":"Beli"}[39m
[35m[HTTP][39m [37m<-- POST /wd/hub/session/84c10645-6020-4b1e-867f-00026558787d/elements [39m[32m200[39m [90m47 ms - 523[39m
[35m[HTTP][39m [90m[39m
[35m[HTTP][39m [37m-->[39m [37mPOST[39m [37m/wd/hub/session/84c10645-6020-4b1e-867f-00026558787d/elements[39m
[35m[HTTP][39m [90m{"using":"-android uiautomator","value":"new UiSelector().className(\"android.widget.Button\").resourceId(\"\")"}[39m
[35m[HTTP][39m [37m<-- POST /wd/hub/session/84c10645-6020-4b1e-867f-00026558787d/elements [39m[32m200[39m [90m121 ms - 779[39m
[35m[HTTP][39m [90m[39m
[35m[HTTP][39m [37m-->[39m [37mGET[39m [37m/wd/hub/session/84c10645-6020-4b1e-867f-00026558787d/window/rect[39m
[35m[HTTP][39m [90m{}[39m
[35m[HTTP][39m [37m<-- GET /wd/hub/session/84c10645-6020-4b1e-867f-00026558787d/window/rect [39m[32m200[39m [90m29 ms - 50[39m
[35m[HTTP][39m [90m[39m
[35m[HTTP][39m [37m-->[39m [37mPOST[39m [37m/wd/hub/session/84c10645-6020-4b1e-867f-00026558787d/elements[39m
[35m[HTTP][39m [90m{"using":"xpath","value":"//hierarchy/android.widget.FrameLayout[1]/android.widget.LinearLayout[1]/android.widget.FrameLayout[1]/android.widget.FrameLayout[1]/android.view.View[1]/android.view.View[1]/android.view.View[1]/android.view.View[1]/android.view.View[2]/android.widget.ScrollView[1]/android.view.View[1]/android.view.View[1]/android.widget.Button[1]"}[39m
[35m[HTTP][39m [37m<-- POST /wd/hub/session/84c10645-6020-4b1e-867f-00026558787d/elements [39m[32m200[39m [90m128 ms - 139[39m
[35m[HTTP][39m [90m[39m
[35m[HTTP][39m [37m-->[39m [37mGET[39m [37m/wd/hub/session/84c10645-6020-4b1e-867f-00026558787d/element/00000000-0000-027c-0000-000d00000003/location[39m
[35m[HTTP][39m [90m{}[39m
[35m[W3C (84c10645)][39m Driver proxy active, passing request on via HTTP proxy
[35m[WD Proxy][39m Replacing sessionId 466d9cd8-1e3b-4330-85b4-503176ce7215 with 84c10645-6020-4b1e-867f-00026558787d
[35m[HTTP][39m [37m<-- GET /wd/hub/session/84c10645-6020-4b1e-867f-00026558787d/element/00000000-0000-027c-0000-000d00000003/location [39m[32m200[39m [90m52 ms - 77[39m
[35m[HTTP][39m [90m[39m
[35m[HTTP][39m [37m-->[39m [37mPOST[39m [37m/wd/hub/session/84c10645-6020-4b1e-867f-00026558787d/element/00000000-0000-027c-0000-000d00000003/click[39m
[35m[HTTP][39m [90m{"id":"00000000-0000-027c-0000-000d00000003"}[39m
[35m[HTTP][39m [37m<-- POST /wd/hub/session/84c10645-6020-4b1e-867f-00026558787d/element/00000000-0000-027c-0000-000d00000003/click [39m[32m200[39m [90m57 ms - 14[39m
[35m[HTTP][39m [90m[39m
[35m[HTTP][39m [37m-->[39m [37mGET[39m [37m/wd/hub/session/84c10645-6020-4b1e-867f-00026558787d/source[39m
[35m[HTTP][39m [90m{}[39m
[35m[W3C (84c10645)][39m Driver proxy active, passing request on via HTTP proxy
[35m[WD Proxy][39m Replacing sessionId 466d9cd8-1e3b-4330-85b4-503176ce7215 with 84c10645-6020-4b1e-867f-00026558787d
[35m[HTTP][39m [37m<-- GET /wd/hub/session/84c10645-6020-4b1e-867f-00026558787d/source [39m[32m200[39m [90m170 ms - 16229[39m
[35m[HTTP][39m [90m[39m
[35m[HTTP][39m [37m-->[39m [37mGET[39m [37m/wd/hub/session/84c10645-6020-4b1e-867f-00026558787d/screenshot[39m
[35m[HTTP][39m [90m{}[39m
[35m[HTTP][39m [37m<-- GET /wd/hub/session/84c10645-6020-4b1e-867f-00026558787d/screenshot [39m[32m200[39m [90m588 ms - 206700[39m
[35m[HTTP][39m [90m[39m
[35m[HTTP][39m [37m-->[39m [37mPOST[39m [37m/wd/hub/session/84c10645-6020-4b1e-867f-00026558787d/elements[39m
[35m[HTTP][39m [90m{"using":"xpath","value":"//*[@class = 'android.widget.Button' and @resource-id = '' and (@text = '' or . = '')]"}[39m
[35m[HTTP][39m [37m<-- POST /wd/hub/session/84c10645-6020-4b1e-867f-00026558787d/elements [39m[32m200[39m [90m160 ms - 779[39m
[35m[HTTP][39m [90m[39m
[35m[HTTP][39m [37m-->[39m [37mPOST[39m [37m/wd/hub/session/84c10645-6020-4b1e-867f-00026558787d/elements[39m
[35m[HTTP][39m [90m{"using":"accessibility id","value":"1"}[39m
[35m[HTTP][39m [37m<-- POST /wd/hub/session/84c10645-6020-4b1e-867f-00026558787d/elements [39m[32m200[39m [90m27 ms - 139[39m
[35m[HTTP][39m [90m[39m
[35m[HTTP][39m [37m-->[39m [37mGET[39m [37m/wd/hub/session/84c10645-6020-4b1e-867f-00026558787d/window/rect[39m
[35m[HTTP][39m [90m{}[39m
[35m[HTTP][39m [37m<-- GET /wd/hub/session/84c10645-6020-4b1e-867f-00026558787d/window/rect [39m[32m200[39m [90m16 ms - 50[39m
[35m[HTTP][39m [90m[39m
[35m[HTTP][39m [37m-->[39m [37mPOST[39m [37m/wd/hub/session/84c10645-6020-4b1e-867f-00026558787d/elements[39m
[35m[HTTP][39m [90m{"using":"accessibility id","value":"1"}[39m
[35m[HTTP][39m [37m<-- POST /wd/hub/session/84c10645-6020-4b1e-867f-00026558787d/elements [39m[32m200[39m [90m54 ms - 139[39m
[35m[HTTP][39m [90m[39m
[35m[HTTP][39m [37m-->[39m [37mGET[39m [37m/wd/hub/session/84c10645-6020-4b1e-867f-00026558787d/element/00000000-0000-027c-0000-000800000003/location[39m
[35m[HTTP][39m [90m{}[39m
[35m[W3C (84c10645)][39m Driver proxy active, passing request on via HTTP proxy
[35m[WD Proxy][39m Replacing sessionId 466d9cd8-1e3b-4330-85b4-503176ce7215 with 84c10645-6020-4b1e-867f-00026558787d
[35m[HTTP][39m [37m<-- GET /wd/hub/session/84c10645-6020-4b1e-867f-00026558787d/element/00000000-0000-027c-0000-000800000003/location [39m[32m200[39m [90m42 ms - 79[39m
[35m[HTTP][39m [90m[39m
[35m[HTTP][39m [37m-->[39m [37mPOST[39m [37m/wd/hub/session/84c10645-6020-4b1e-867f-00026558787d/element/00000000-0000-027c-0000-000800000003/click[39m
[35m[HTTP][39m [90m{"id":"00000000-0000-027c-0000-000800000003"}[39m
[35m[HTTP][39m [37m<-- POST /wd/hub/session/84c10645-6020-4b1e-867f-00026558787d/element/00000000-0000-027c-0000-000800000003/click [39m[32m200[39m [90m588 ms - 14[39m
[35m[HTTP][39m [90m[39m
[35m[HTTP][39m [37m-->[39m [37mGET[39m [37m/wd/hub/session/84c10645-6020-4b1e-867f-00026558787d/source[39m
[35m[HTTP][39m [90m{}[39m
[35m[W3C (84c10645)][39m Driver proxy active, passing request on via HTTP proxy
[35m[WD Proxy][39m Replacing sessionId 466d9cd8-1e3b-4330-85b4-503176ce7215 with 84c10645-6020-4b1e-867f-00026558787d
[35m[HTTP][39m [37m<-- GET /wd/hub/session/84c10645-6020-4b1e-867f-00026558787d/source [39m[32m200[39m [90m133 ms - 16229[39m
[35m[HTTP][39m [90m[39m
[35m[HTTP][39m [37m-->[39m [37mGET[39m [37m/wd/hub/session/84c10645-6020-4b1e-867f-00026558787d/screenshot[39m
[35m[HTTP][39m [90m{}[39m
[35m[HTTP][39m [37m<-- GET /wd/hub/session/84c10645-6020-4b1e-867f-00026558787d/screenshot [39m[32m200[39m [90m606 ms - 206614[39m
[35m[HTTP][39m [90m[39m
[35m[HTTP][39m [37m-->[39m [37mPOST[39m [37m/wd/hub/session/84c10645-6020-4b1e-867f-00026558787d/elements[39m
[35m[HTTP][39m [90m{"using":"xpath","value":"//*[@class = 'android.widget.Button' and @resource-id = '' and (@text = '' or . = '')]"}[39m
[35m[HTTP][39m [37m<-- POST /wd/hub/session/84c10645-6020-4b1e-867f-00026558787d/elements [39m[32m200[39m [90m135 ms - 779[39m
[35m[HTTP][39m [90m[39m
[35m[HTTP][39m [37m-->[39m [37mPOST[39m [37m/wd/hub/session/84c10645-6020-4b1e-867f-00026558787d/elements[39m
[35m[HTTP][39m [90m{"using":"accessibility id","value":"1"}[39m
[35m[HTTP][39m [37m<-- POST /wd/hub/session/84c10645-6020-4b1e-867f-00026558787d/elements [39m[32m200[39m [90m43 ms - 139[39m
[35m[HTTP][39m [90m[39m
[35m[HTTP][39m [37m-->[39m [37mGET[39m [37m/wd/hub/session/84c10645-6020-4b1e-867f-00026558787d/window/rect[39m
[35m[HTTP][39m [90m{}[39m
[35m[HTTP][39m [37m<-- GET /wd/hub/session/84c10645-6020-4b1e-867f-00026558787d/window/rect [39m[32m200[39m [90m33 ms - 50[39m
[35m[HTTP][39m [90m[39m
[35m[HTTP][39m [37m-->[39m [37mPOST[39m [37m/wd/hub/session/84c10645-6020-4b1e-867f-00026558787d/elements[39m
[35m[HTTP][39m [90m{"using":"accessibility id","value":"1"}[39m
[35m[HTTP][39m [37m<-- POST /wd/hub/session/84c10645-6020-4b1e-867f-00026558787d/elements [39m[32m200[39m [90m53 ms - 139[39m
[35m[HTTP][39m [90m[39m
[35m[HTTP][39m [37m-->[39m [37mGET[39m [37m/wd/hub/session/84c10645-6020-4b1e-867f-00026558787d/element/00000000-0000-027c-0000-000800000003/location[39m
[35m[HTTP][39m [90m{}[39m
[35m[W3C (84c10645)][39m Driver proxy active, passing request on via HTTP proxy
[35m[WD Proxy][39m Replacing sessionId 466d9cd8-1e3b-4330-85b4-503176ce7215 with 84c10645-6020-4b1e-867f-00026558787d
[35m[HTTP][39m [37m<-- GET /wd/hub/session/84c10645-6020-4b1e-867f-00026558787d/element/00000000-0000-027c-0000-000800000003/location [39m[32m200[39m [90m32 ms - 79[39m
[35m[HTTP][39m [90m[39m
[35m[HTTP][39m [37m-->[39m [37mPOST[39m [37m/wd/hub/session/84c10645-6020-4b1e-867f-00026558787d/element/00000000-0000-027c-0000-000800000003/click[39m
[35m[HTTP][39m [90m{"id":"00000000-0000-027c-0000-000800000003"}[39m
[35m[HTTP][39m [37m<-- POST /wd/hub/session/84c10645-6020-4b1e-867f-00026558787d/element/00000000-0000-027c-0000-000800000003/click [39m[32m200[39m [90m595 ms - 14[39m
[35m[HTTP][39m [90m[39m
[35m[HTTP][39m [37m-->[39m [37mGET[39m [37m/wd/hub/session/84c10645-6020-4b1e-867f-00026558787d/source[39m
[35m[HTTP][39m [90m{}[39m
[35m[W3C (84c10645)][39m Driver proxy active, passing request on via HTTP proxy
[35m[WD Proxy][39m Replacing sessionId 466d9cd8-1e3b-4330-85b4-503176ce7215 with 84c10645-6020-4b1e-867f-00026558787d
[35m[HTTP][39m [37m<-- GET /wd/hub/session/84c10645-6020-4b1e-867f-00026558787d/source [39m[32m200[39m [90m111 ms - 16229[39m
[35m[HTTP][39m [90m[39m
[35m[HTTP][39m [37m-->[39m [37mGET[39m [37m/wd/hub/session/84c10645-6020-4b1e-867f-00026558787d/screenshot[39m
[35m[HTTP][39m [90m{}[39m
[35m[HTTP][39m [37m<-- GET /wd/hub/session/84c10645-6020-4b1e-867f-00026558787d/screenshot [39m[32m200[39m [90m586 ms - 206614[39m
[35m[HTTP][39m [90m[39m
[35m[HTTP][39m [37m-->[39m [37mPOST[39m [37m/wd/hub/session/84c10645-6020-4b1e-867f-00026558787d/elements[39m
[35m[HTTP][39m [90m{"using":"xpath","value":"//*[@class = 'android.widget.Button' and @resource-id = '' and (@text = '' or . = '')]"}[39m
[35m[HTTP][39m [37m<-- POST /wd/hub/session/84c10645-6020-4b1e-867f-00026558787d/elements [39m[32m200[39m [90m147 ms - 779[39m
[35m[HTTP][39m [90m[39m
[35m[HTTP][39m [37m-->[39m [37mPOST[39m [37m/wd/hub/session/84c10645-6020-4b1e-867f-00026558787d/elements[39m
[35m[HTTP][39m [90m{"using":"accessibility id","value":"1"}[39m
[35m[HTTP][39m [37m<-- POST /wd/hub/session/84c10645-6020-4b1e-867f-00026558787d/elements [39m[32m200[39m [90m55 ms - 139[39m
[35m[HTTP][39m [90m[39m
[35m[HTTP][39m [37m-->[39m [37mGET[39m [37m/wd/hub/session/84c10645-6020-4b1e-867f-00026558787d/window/rect[39m
[35m[HTTP][39m [90m{}[39m
[35m[HTTP][39m [37m<-- GET /wd/hub/session/84c10645-6020-4b1e-867f-00026558787d/window/rect [39m[32m200[39m [90m19 ms - 50[39m
[35m[HTTP][39m [90m[39m
[35m[HTTP][39m [37m-->[39m [37mPOST[39m [37m/wd/hub/session/84c10645-6020-4b1e-867f-00026558787d/elements[39m
[35m[HTTP][39m [90m{"using":"accessibility id","value":"1"}[39m
[35m[HTTP][39m [37m<-- POST /wd/hub/session/84c10645-6020-4b1e-867f-00026558787d/elements [39m[32m200[39m [90m57 ms - 139[39m
[35m[HTTP][39m [90m[39m
[35m[HTTP][39m [37m-->[39m [37mGET[39m [37m/wd/hub/session/84c10645-6020-4b1e-867f-00026558787d/element/00000000-0000-027c-0000-000800000003/location[39m
[35m[HTTP][39m [90m{}[39m
[35m[W3C (84c10645)][39m Driver proxy active, passing request on via HTTP proxy
[35m[WD Proxy][39m Replacing sessionId 466d9cd8-1e3b-4330-85b4-503176ce7215 with 84c10645-6020-4b1e-867f-00026558787d
[35m[HTTP][39m [37m<-- GET /wd/hub/session/84c10645-6020-4b1e-867f-00026558787d/element/00000000-0000-027c-0000-000800000003/location [39m[32m200[39m [90m46 ms - 79[39m
[35m[HTTP][39m [90m[39m
[35m[HTTP][39m [37m-->[39m [37mPOST[39m [37m/wd/hub/session/84c10645-6020-4b1e-867f-00026558787d/touch/perform[39m
[35m[HTTP][39m [90m{"actions":[{"action":"longPress","options":{"element":"00000000-0000-027c-0000-000800000003"}},{"action":"release","options":{}}]}[39m
[35m[UiAutomator2][39m calling get location: 00000000-0000-027c-0000-000800000003
[35m[HTTP][39m [37m<-- POST /wd/hub/session/84c10645-6020-4b1e-867f-00026558787d/touch/perform [39m[32m200[39m [90m2720 ms - 14[39m
[35m[HTTP][39m [90m[39m
[35m[HTTP][39m [37m-->[39m [37mGET[39m [37m/wd/hub/session/84c10645-6020-4b1e-867f-00026558787d/source[39m
[35m[HTTP][39m [90m{}[39m
[35m[W3C (84c10645)][39m Driver proxy active, passing request on via HTTP proxy
[35m[WD Proxy][39m Replacing sessionId 466d9cd8-1e3b-4330-85b4-503176ce7215 with 84c10645-6020-4b1e-867f-00026558787d
[35m[HTTP][39m [37m<-- GET /wd/hub/session/84c10645-6020-4b1e-867f-00026558787d/source [39m[32m200[39m [90m127 ms - 16229[39m
[35m[HTTP][39m [90m[39m
[35m[HTTP][39m [37m-->[39m [37mGET[39m [37m/wd/hub/session/84c10645-6020-4b1e-867f-00026558787d/screenshot[39m
[35m[HTTP][39m [90m{}[39m
[35m[HTTP][39m [37m<-- GET /wd/hub/session/84c10645-6020-4b1e-867f-00026558787d/screenshot [39m[32m200[39m [90m586 ms - 207480[39m
[35m[HTTP][39m [90m[39m
[35m[HTTP][39m [37m-->[39m [37mPOST[39m [37m/wd/hub/session/84c10645-6020-4b1e-867f-00026558787d/elements[39m
[35m[HTTP][39m [90m{"using":"xpath","value":"//*[@class = 'android.widget.Button' and @resource-id = '' and (@text = '' or . = '')]"}[39m
[35m[HTTP][39m [37m<-- POST /wd/hub/session/84c10645-6020-4b1e-867f-00026558787d/elements [39m[32m200[39m [90m128 ms - 779[39m
[35m[HTTP][39m [90m[39m
[35m[HTTP][39m [37m-->[39m [37mPOST[39m [37m/wd/hub/session/84c10645-6020-4b1e-867f-00026558787d/elements[39m
[35m[HTTP][39m [90m{"using":"accessibility id","value":"Beli"}[39m
[35m[HTTP][39m [37m<-- POST /wd/hub/session/84c10645-6020-4b1e-867f-00026558787d/elements [39m[32m200[39m [90m473 ms - 523[39m
[35m[HTTP][39m [90m[39m
[35m[HTTP][39m [37m-->[39m [37mPOST[39m [37m/wd/hub/session/84c10645-6020-4b1e-867f-00026558787d/elements[39m
[35m[HTTP][39m [90m{"using":"-android uiautomator","value":"new UiSelector().className(\"android.widget.Button\").resourceId(\"\")"}[39m
[35m[HTTP][39m [37m<-- POST /wd/hub/session/84c10645-6020-4b1e-867f-00026558787d/elements [39m[32m200[39m [90m132 ms - 779[39m
[35m[HTTP][39m [90m[39m
[35m[HTTP][39m [37m-->[39m [37mGET[39m [37m/wd/hub/session/84c10645-6020-4b1e-867f-00026558787d/window/rect[39m
[35m[HTTP][39m [90m{}[39m
[35m[HTTP][39m [37m<-- GET /wd/hub/session/84c10645-6020-4b1e-867f-00026558787d/window/rect [39m[32m200[39m [90m33 ms - 50[39m
[35m[HTTP][39m [90m[39m
[35m[HTTP][39m [37m-->[39m [37mPOST[39m [37m/wd/hub/session/84c10645-6020-4b1e-867f-00026558787d/elements[39m
[35m[HTTP][39m [90m{"using":"xpath","value":"//hierarchy/android.widget.FrameLayout[1]/android.widget.LinearLayout[1]/android.widget.FrameLayout[1]/android.widget.FrameLayout[1]/android.view.View[1]/android.view.View[1]/android.view.View[1]/android.view.View[1]/android.view.View[2]/android.widget.ScrollView[1]/android.view.View[4]/android.view.View[1]/android.widget.Button[1]"}[39m
[35m[HTTP][39m [37m<-- POST /wd/hub/session/84c10645-6020-4b1e-867f-00026558787d/elements [39m[32m200[39m [90m127 ms - 139[39m
[35m[HTTP][39m [90m[39m
[35m[HTTP][39m [37m-->[39m [37mGET[39m [37m/wd/hub/session/84c10645-6020-4b1e-867f-00026558787d/element/00000000-0000-027c-0000-001900000003/location[39m
[35m[HTTP][39m [90m{}[39m
[35m[W3C (84c10645)][39m Driver proxy active, passing request on via HTTP proxy
[35m[WD Proxy][39m Replacing sessionId 466d9cd8-1e3b-4330-85b4-503176ce7215 with 84c10645-6020-4b1e-867f-00026558787d
[35m[HTTP][39m [37m<-- GET /wd/hub/session/84c10645-6020-4b1e-867f-00026558787d/element/00000000-0000-027c-0000-001900000003/location [39m[32m200[39m [90m47 ms - 79[39m
[35m[HTTP][39m [90m[39m
[35m[HTTP][39m [37m-->[39m [37mPOST[39m [37m/wd/hub/session/84c10645-6020-4b1e-867f-00026558787d/element/00000000-0000-027c-0000-001900000003/click[39m
[35m[HTTP][39m [90m{"id":"00000000-0000-027c-0000-001900000003"}[39m
[35m[HTTP][39m [37m<-- POST /wd/hub/session/84c10645-6020-4b1e-867f-00026558787d/element/00000000-0000-027c-0000-001900000003/click [39m[32m200[39m [90m585 ms - 14[39m
[35m[HTTP][39m [90m[39m
[35m[HTTP][39m [37m-->[39m [37mGET[39m [37m/wd/hub/session/84c10645-6020-4b1e-867f-00026558787d/source[39m
[35m[HTTP][39m [90m{}[39m
[35m[W3C (84c10645)][39m Driver proxy active, passing request on via HTTP proxy
[35m[WD Proxy][39m Replacing sessionId 466d9cd8-1e3b-4330-85b4-503176ce7215 with 84c10645-6020-4b1e-867f-00026558787d
[35m[HTTP][39m [37m<-- GET /wd/hub/session/84c10645-6020-4b1e-867f-00026558787d/source [39m[32m200[39m [90m107 ms - 16229[39m
[35m[HTTP][39m [90m[39m
[35m[HTTP][39m [37m-->[39m [37mGET[39m [37m/wd/hub/session/84c10645-6020-4b1e-867f-00026558787d/screenshot[39m
[35m[HTTP][39m [90m{}[39m
[35m[HTTP][39m [37m<-- GET /wd/hub/session/84c10645-6020-4b1e-867f-00026558787d/screenshot [39m[32m200[39m [90m569 ms - 208532[39m
[35m[HTTP][39m [90m[39m
[35m[HTTP][39m [37m-->[39m [37mPOST[39m [37m/wd/hub/session/84c10645-6020-4b1e-867f-00026558787d/elements[39m
[35m[HTTP][39m [90m{"using":"xpath","value":"//*[@class = 'android.widget.Button' and @resource-id = '' and (@text = '' or . = '')]"}[39m
[35m[HTTP][39m [37m<-- POST /wd/hub/session/84c10645-6020-4b1e-867f-00026558787d/elements [39m[32m200[39m [90m134 ms - 779[39m
[35m[HTTP][39m [90m[39m
[35m[HTTP][39m [37m-->[39m [37mPOST[39m [37m/wd/hub/session/84c10645-6020-4b1e-867f-00026558787d/elements[39m
[35m[HTTP][39m [90m{"using":"accessibility id","value":"2"}[39m
[35m[HTTP][39m [37m<-- POST /wd/hub/session/84c10645-6020-4b1e-867f-00026558787d/elements [39m[32m200[39m [90m38 ms - 139[39m
[35m[HTTP][39m [90m[39m
[35m[HTTP][39m [37m-->[39m [37mGET[39m [37m/wd/hub/session/84c10645-6020-4b1e-867f-00026558787d/window/rect[39m
[35m[HTTP][39m [90m{}[39m
[35m[HTTP][39m [37m<-- GET /wd/hub/session/84c10645-6020-4b1e-867f-00026558787d/window/rect [39m[32m200[39m [90m21 ms - 50[39m
[35m[HTTP][39m [90m[39m
[35m[HTTP][39m [37m-->[39m [37mPOST[39m [37m/wd/hub/session/84c10645-6020-4b1e-867f-00026558787d/elements[39m
[35m[HTTP][39m [90m{"using":"accessibility id","value":"2"}[39m
[35m[HTTP][39m [37m<-- POST /wd/hub/session/84c10645-6020-4b1e-867f-00026558787d/elements [39m[32m200[39m [90m48 ms - 139[39m
[35m[HTTP][39m [90m[39m
[35m[HTTP][39m [37m-->[39m [37mGET[39m [37m/wd/hub/session/84c10645-6020-4b1e-867f-00026558787d/element/00000000-0000-027c-0000-000800000003/location[39m
[35m[HTTP][39m [90m{}[39m
[35m[W3C (84c10645)][39m Driver proxy active, passing request on via HTTP proxy
[35m[WD Proxy][39m Replacing sessionId 466d9cd8-1e3b-4330-85b4-503176ce7215 with 84c10645-6020-4b1e-867f-00026558787d
[35m[HTTP][39m [37m<-- GET /wd/hub/session/84c10645-6020-4b1e-867f-00026558787d/element/00000000-0000-027c-0000-000800000003/location [39m[32m200[39m [90m29 ms - 79[39m
[35m[HTTP][39m [90m[39m
[35m[HTTP][39m [37m-->[39m [37mPOST[39m [37m/wd/hub/session/84c10645-6020-4b1e-867f-00026558787d/element/00000000-0000-027c-0000-000800000003/click[39m
[35m[HTTP][39m [90m{"id":"00000000-0000-027c-0000-000800000003"}[39m
[35m[HTTP][39m [37m<-- POST /wd/hub/session/84c10645-6020-4b1e-867f-00026558787d/element/00000000-0000-027c-0000-000800000003/click [39m[32m200[39m [90m583 ms - 14[39m
[35m[HTTP][39m [90m[39m
[35m[HTTP][39m [37m-->[39m [37mGET[39m [37m/wd/hub/session/84c10645-6020-4b1e-867f-00026558787d/source[39m
[35m[HTTP][39m [90m{}[39m
[35m[W3C (84c10645)][39m Driver proxy active, passing request on via HTTP proxy
[35m[WD Proxy][39m Replacing sessionId 466d9cd8-1e3b-4330-85b4-503176ce7215 with 84c10645-6020-4b1e-867f-00026558787d
[35m[HTTP][39m [37m<-- GET /wd/hub/session/84c10645-6020-4b1e-867f-00026558787d/source [39m[32m200[39m [90m112 ms - 16229[39m
[35m[HTTP][39m [90m[39m
[35m[HTTP][39m [37m-->[39m [37mGET[39m [37m/wd/hub/session/84c10645-6020-4b1e-867f-00026558787d/screenshot[39m
[35m[HTTP][39m [90m{}[39m
[35m[HTTP][39m [37m<-- GET /wd/hub/session/84c10645-6020-4b1e-867f-00026558787d/screenshot [39m[32m200[39m [90m569 ms - 208516[39m
[35m[HTTP][39m [90m[39m
[35m[HTTP][39m [37m-->[39m [37mDELETE[39m [37m/wd/hub/session/84c10645-6020-4b1e-867f-00026558787d[39m
[35m[HTTP][39m [90m{}[39m
[35m[Appium][39m Removing session 84c10645-6020-4b1e-867f-00026558787d from our master session list
[35m[UiAutomator2][39m Restoring hidden api policy to the device default configuration
[35m[HTTP][39m [37m<-- DELETE /wd/hub/session/84c10645-6020-4b1e-867f-00026558787d [39m[32m200[39m [90m907 ms - 14[39m
[35m[HTTP][39m [90m[39m
